<?xml version="1.0" encoding="UTF-8"?>
<testsuite xmlns:xsi="http://www.w3.org/2001/XMLSchema-instance" xsi:noNamespaceSchemaLocation="https://maven.apache.org/surefire/maven-surefire-plugin/xsd/surefire-test-report-3.0.xsd" version="3.0" name="thws.librarymanager.adapters.in.rest.AuthControllerTest" time="10.431" tests="2" errors="0" skipped="0" failures="0">
  <properties>
[...]
</properties>
  <testcase name="login" classname="thws.librarymanager.adapters.in.rest.AuthControllerTest" time="4.425">
    <system-out><![CDATA[Generated ID: 1
]]></system-out>
    <system-err><![CDATA[Jan 16, 2026 10:54:23 AM org.jboss.logmanager.JBossLoggerFinder getLogger
ERROR: The LogManager accessed before the "java.util.logging.manager" system property was set to "org.jboss.logmanager.LogManager". Results may be unexpected.
Jan 16, 2026 10:54:56 AM org.hibernate.jpa.internal.util.LogHelper logPersistenceUnitInformation
INFO: HHH000204: Processing PersistenceUnitInfo [name: <default>]
Jan 16, 2026 10:54:57 AM org.hibernate.Version logVersion
INFO: HHH000412: Hibernate ORM core version 7.1.11.Final
Jan 16, 2026 10:54:57 AM org.hibernate.engine.jdbc.env.internal.JdbcEnvironmentInitiator logConnectionInfo
INFO: HHH10001005: Database info:
	Database JDBC URL [undefined/unknown]
	Database driver: undefined/unknown
	Database dialect: H2Dialect
	Database version: 2.4.240
	Default catalog/schema: unknown/unknown
	Autocommit mode: undefined/unknown
	Isolation level: <unknown>
	JDBC fetch size: undefined/unknown
	Pool: undefined/unknown
	Minimum pool size: undefined/unknown
	Maximum pool size: undefined/unknown
Jan 16, 2026 10:54:57 AM org.hibernate.validator.internal.util.Version <clinit>
INFO: HV000001: Hibernate Validator 9.1.0.Final
Jan 16, 2026 10:54:58 AM io.quarkus.runtime.configuration.ConfigDiagnostic deprecated
WARN: The "quarkus.hibernate-orm.database.generation" config property is deprecated and should not be used anymore.
Jan 16, 2026 10:55:01 AM io.quarkus.bootstrap.runner.Timing printStartupTime
INFO: library-manager 0.1 on JVM (powered by Quarkus 3.30.6) started in 29.729s. Listening on: http://localhost:8081
Jan 16, 2026 10:55:01 AM io.quarkus.bootstrap.runner.Timing printStartupTime
INFO: Profile test activated. 
Jan 16, 2026 10:55:01 AM io.quarkus.bootstrap.runner.Timing printStartupTime
INFO: Installed features: [agroal, cdi, hibernate-orm, hibernate-orm-panache, hibernate-validator, jdbc-h2, jdbc-postgresql, narayana-jta, rest, rest-jackson, security, smallrye-context-propagation, smallrye-jwt, vertx]
]]></system-err>
  </testcase>
  <testcase name="test" classname="thws.librarymanager.adapters.in.rest.AuthControllerTest" time="0.191"/>
</testsuite>